<?xml version="1.0" encoding="UTF-8"?>
<!-- Generated by org.testng.reporters.JUnitReportReporter -->
<testsuite hostname="VGHOL0413" failures="0" tests="1" name="testcases.LoginTest" time="11.783" errors="0" timestamp="2025-07-06T13:11:46 IST" skipped="0">
  <testcase classname="testcases.LoginTest" name="dummyTesting" time="11.783"/>
</testsuite> <!-- testcases.LoginTest -->
