<?xml version="1.0" encoding="UTF-8"?>
<!-- Generated by org.testng.reporters.JUnitReportReporter -->
<testsuite hostname="VGHOL0413" failures="0" tests="1" name="testcases.Dummy" time="8.559" errors="0" timestamp="2025-07-04T18:14:50 IST" skipped="0">
  <testcase classname="testcases.Dummy" name="testingMethod" time="8.559"/>
</testsuite> <!-- testcases.Dummy -->
