<?xml version="1.0" encoding="UTF-8"?>
<!-- Generated by org.testng.reporters.JUnitReportReporter -->
<testsuite hostname="VGHOL0413" failures="0" tests="5" name="testcases.LoginTest" time="28.107" errors="0" timestamp="2025-07-19T15:27:03 IST" skipped="0">
  <testcase classname="testcases.LoginTest" name="hoverOnTheLoginButtonAction" time="0.539"/>
  <testcase classname="testcases.LoginTest" name="clickOntheCustomerLoginButtonAction" time="0.620"/>
  <testcase classname="testcases.LoginTest" name="enterMobileNumberAction" time="0.404"/>
  <testcase classname="testcases.LoginTest" name="clickOnTheContinueButtonAction" time="0.472"/>
  <testcase classname="testcases.LoginTest" name="userLoginWith_OTP_PasswordAction" time="26.072"/>
</testsuite> <!-- testcases.LoginTest -->
