<?xml version="1.0" encoding="UTF-8"?>
<!-- Generated by org.testng.reporters.JUnitReportReporter -->
<testsuite hostname="VGHOL0413" failures="0" tests="1" name="testcases.LoginTest" time="16.724" errors="0" timestamp="2025-07-11T10:52:56 IST" skipped="0">
  <testcase classname="testcases.LoginTest" name="userLogin" time="16.724"/>
</testsuite> <!-- testcases.LoginTest -->
