<?xml version="1.0" encoding="UTF-8"?>
<!-- Generated by org.testng.reporters.JUnitReportReporter -->
<testsuite hostname="VGHOL0413" failures="0" tests="1" name="testcases.LoginTest" time="34.813" errors="0" timestamp="2025-07-14T17:28:26 IST" skipped="0">
  <testcase classname="testcases.LoginTest" name="userLogin" time="34.813"/>
</testsuite> <!-- testcases.LoginTest -->
